FILE_TYPE=LIBRARY_PARTS;
PRIMITIVE 'DFLS1150_7','DFLS1150_7_Small Outline Diode Flat Lead';
  PIN
    'K':
      PIN_NUMBER='(1)';
      NO_LOAD_CHECK=BOTH;
      NO_IO_CHECK=BOTH;
      ALLOW_CONNECT=TRUE;
      PINUSE='UNSPEC';
    'A':
      PIN_NUMBER='(2)';
      NO_LOAD_CHECK=BOTH;
      NO_IO_CHECK=BOTH;
      ALLOW_CONNECT=TRUE;
      PINUSE='UNSPEC';
  END_PIN;
  BODY
    PART_NAME='DFLS1150_7';
    PHYS_DES_PREFIX='D';
    NO_LOAD_CHECK='TRUE';
    PIN_COUNT='2';
    BODY_NAME='DFLS1150_7';
    JEDEC_TYPE='SODFL3718X100N';
  END_BODY;
END_PRIMITIVE;
END.
